[2025-04-22 11:31:45Z INFO HostContext] No proxy settings were found based on environmental variables (http_proxy/https_proxy/HTTP_PROXY/HTTPS_PROXY)
[2025-04-22 11:31:45Z INFO HostContext] Well known directory 'Bin': '/home/issam/devoteam/last-test/gitlab-ci-project-2/actions-runner/bin'
[2025-04-22 11:31:45Z INFO HostContext] Well known directory 'Root': '/home/issam/devoteam/last-test/gitlab-ci-project-2/actions-runner'
[2025-04-22 11:31:45Z INFO HostContext] Well known config file 'Credentials': '/home/issam/devoteam/last-test/gitlab-ci-project-2/actions-runner/.credentials'
[2025-04-22 11:31:45Z INFO HostContext] Well known directory 'Bin': '/home/issam/devoteam/last-test/gitlab-ci-project-2/actions-runner/bin'
[2025-04-22 11:31:45Z INFO HostContext] Well known directory 'Root': '/home/issam/devoteam/last-test/gitlab-ci-project-2/actions-runner'
[2025-04-22 11:31:45Z INFO HostContext] Well known config file 'Runner': '/home/issam/devoteam/last-test/gitlab-ci-project-2/actions-runner/.runner'
[2025-04-22 11:31:45Z INFO Listener] Runner is built for Linux (X64) - linux-x64.
[2025-04-22 11:31:45Z INFO Listener] RuntimeInformation: Fedora Linux 41 (KDE Plasma).
[2025-04-22 11:31:45Z INFO Listener] Version: 2.323.0
[2025-04-22 11:31:45Z INFO Listener] Commit: d8b82f44a9ec0258904d5869ae683c31d5aac299
[2025-04-22 11:31:45Z INFO Listener] Culture: en-US
[2025-04-22 11:31:45Z INFO Listener] UI Culture: en-US
[2025-04-22 11:31:45Z INFO HostContext] Well known directory 'Bin': '/home/issam/devoteam/last-test/gitlab-ci-project-2/actions-runner/bin'
[2025-04-22 11:31:45Z INFO HostContext] Well known directory 'Root': '/home/issam/devoteam/last-test/gitlab-ci-project-2/actions-runner'
[2025-04-22 11:31:45Z INFO Listener] Validating directory permissions for: '/home/issam/devoteam/last-test/gitlab-ci-project-2/actions-runner'
[2025-04-22 11:31:45Z INFO CommandLineParser] Parse
[2025-04-22 11:31:45Z INFO CommandLineParser] Parsing 5 args
[2025-04-22 11:31:45Z INFO CommandLineParser] parsing argument
[2025-04-22 11:31:45Z INFO CommandLineParser] HasArgs: False
[2025-04-22 11:31:45Z INFO CommandLineParser] Adding Command: configure
[2025-04-22 11:31:45Z INFO CommandLineParser] parsing argument
[2025-04-22 11:31:45Z INFO CommandLineParser] HasArgs: True
[2025-04-22 11:31:45Z INFO CommandLineParser] arg: url
[2025-04-22 11:31:45Z INFO CommandLineParser] parsing argument
[2025-04-22 11:31:45Z INFO CommandLineParser] HasArgs: True
[2025-04-22 11:31:45Z INFO CommandLineParser] Adding option 'url': 'https://github.com/issamoaadevo/pet-ci-last'
[2025-04-22 11:31:45Z INFO CommandLineParser] parsing argument
[2025-04-22 11:31:45Z INFO CommandLineParser] HasArgs: True
[2025-04-22 11:31:45Z INFO CommandLineParser] arg: token
[2025-04-22 11:31:45Z INFO CommandLineParser] parsing argument
[2025-04-22 11:31:45Z INFO CommandLineParser] HasArgs: True
[2025-04-22 11:31:45Z INFO CommandLineParser] Adding option 'token': '***'
[2025-04-22 11:31:45Z INFO Listener] Arguments parsed
[2025-04-22 11:31:45Z INFO Runner] ExecuteCommand
[2025-04-22 11:31:45Z INFO ConfigurationStore] currentAssemblyLocation: /home/issam/devoteam/last-test/gitlab-ci-project-2/actions-runner/bin/Runner.Listener.dll
[2025-04-22 11:31:45Z INFO HostContext] Well known directory 'Bin': '/home/issam/devoteam/last-test/gitlab-ci-project-2/actions-runner/bin'
[2025-04-22 11:31:45Z INFO ConfigurationStore] binPath: /home/issam/devoteam/last-test/gitlab-ci-project-2/actions-runner/bin
[2025-04-22 11:31:45Z INFO HostContext] Well known directory 'Bin': '/home/issam/devoteam/last-test/gitlab-ci-project-2/actions-runner/bin'
[2025-04-22 11:31:45Z INFO HostContext] Well known directory 'Root': '/home/issam/devoteam/last-test/gitlab-ci-project-2/actions-runner'
[2025-04-22 11:31:45Z INFO ConfigurationStore] RootFolder: /home/issam/devoteam/last-test/gitlab-ci-project-2/actions-runner
[2025-04-22 11:31:45Z INFO HostContext] Well known directory 'Bin': '/home/issam/devoteam/last-test/gitlab-ci-project-2/actions-runner/bin'
[2025-04-22 11:31:45Z INFO HostContext] Well known directory 'Root': '/home/issam/devoteam/last-test/gitlab-ci-project-2/actions-runner'
[2025-04-22 11:31:45Z INFO HostContext] Well known config file 'Runner': '/home/issam/devoteam/last-test/gitlab-ci-project-2/actions-runner/.runner'
[2025-04-22 11:31:45Z INFO ConfigurationStore] ConfigFilePath: /home/issam/devoteam/last-test/gitlab-ci-project-2/actions-runner/.runner
[2025-04-22 11:31:45Z INFO HostContext] Well known directory 'Bin': '/home/issam/devoteam/last-test/gitlab-ci-project-2/actions-runner/bin'
[2025-04-22 11:31:45Z INFO HostContext] Well known directory 'Root': '/home/issam/devoteam/last-test/gitlab-ci-project-2/actions-runner'
[2025-04-22 11:31:45Z INFO HostContext] Well known config file 'MigratedRunner': '/home/issam/devoteam/last-test/gitlab-ci-project-2/actions-runner/.runner_migrated'
[2025-04-22 11:31:45Z INFO ConfigurationStore] MigratedConfigFilePath: /home/issam/devoteam/last-test/gitlab-ci-project-2/actions-runner/.runner_migrated
[2025-04-22 11:31:45Z INFO HostContext] Well known directory 'Bin': '/home/issam/devoteam/last-test/gitlab-ci-project-2/actions-runner/bin'
[2025-04-22 11:31:45Z INFO HostContext] Well known directory 'Root': '/home/issam/devoteam/last-test/gitlab-ci-project-2/actions-runner'
[2025-04-22 11:31:45Z INFO HostContext] Well known config file 'Credentials': '/home/issam/devoteam/last-test/gitlab-ci-project-2/actions-runner/.credentials'
[2025-04-22 11:31:45Z INFO ConfigurationStore] CredFilePath: /home/issam/devoteam/last-test/gitlab-ci-project-2/actions-runner/.credentials
[2025-04-22 11:31:45Z INFO HostContext] Well known directory 'Bin': '/home/issam/devoteam/last-test/gitlab-ci-project-2/actions-runner/bin'
[2025-04-22 11:31:45Z INFO HostContext] Well known directory 'Root': '/home/issam/devoteam/last-test/gitlab-ci-project-2/actions-runner'
[2025-04-22 11:31:45Z INFO HostContext] Well known config file 'MigratedCredentials': '/home/issam/devoteam/last-test/gitlab-ci-project-2/actions-runner/.credentials_migrated'
[2025-04-22 11:31:45Z INFO ConfigurationStore] MigratedCredFilePath: /home/issam/devoteam/last-test/gitlab-ci-project-2/actions-runner/.credentials_migrated
[2025-04-22 11:31:45Z INFO HostContext] Well known directory 'Bin': '/home/issam/devoteam/last-test/gitlab-ci-project-2/actions-runner/bin'
[2025-04-22 11:31:45Z INFO HostContext] Well known directory 'Root': '/home/issam/devoteam/last-test/gitlab-ci-project-2/actions-runner'
[2025-04-22 11:31:45Z INFO HostContext] Well known config file 'Service': '/home/issam/devoteam/last-test/gitlab-ci-project-2/actions-runner/.service'
[2025-04-22 11:31:45Z INFO ConfigurationStore] ServiceConfigFilePath: /home/issam/devoteam/last-test/gitlab-ci-project-2/actions-runner/.service
[2025-04-22 11:31:45Z INFO CommandSettings] Flag 'help': 'False'
[2025-04-22 11:31:45Z INFO CommandSettings] Flag 'version': 'False'
[2025-04-22 11:31:45Z INFO CommandSettings] Flag 'commit': 'False'
[2025-04-22 11:31:45Z INFO CommandSettings] Flag 'check': 'False'
[2025-04-22 11:31:45Z INFO CommandSettings] Command 'configure': 'True'
[2025-04-22 11:31:45Z INFO Terminal] WRITE LINE: 
[2025-04-22 11:31:45Z INFO Terminal] WRITE LINE: --------------------------------------------------------------------------------
[2025-04-22 11:31:45Z INFO Terminal] WRITE LINE: |        ____ _ _   _   _       _          _        _   _                      |
[2025-04-22 11:31:45Z INFO Terminal] WRITE LINE: |       / ___(_) |_| | | |_   _| |__      / \   ___| |_(_) ___  _ __  ___      |
[2025-04-22 11:31:45Z INFO Terminal] WRITE LINE: |      | |  _| | __| |_| | | | | '_ \    / _ \ / __| __| |/ _ \| '_ \/ __|     |
[2025-04-22 11:31:45Z INFO Terminal] WRITE LINE: |      | |_| | | |_|  _  | |_| | |_) |  / ___ \ (__| |_| | (_) | | | \__ \     |
[2025-04-22 11:31:45Z INFO Terminal] WRITE LINE: |       \____|_|\__|_| |_|\__,_|_.__/  /_/   \_\___|\__|_|\___/|_| |_|___/     |
[2025-04-22 11:31:45Z INFO Terminal] WRITE LINE: |                                                                              |
[2025-04-22 11:31:45Z INFO Terminal] WRITE: |                       
[2025-04-22 11:31:45Z INFO Terminal] WRITE: Self-hosted runner registration
[2025-04-22 11:31:45Z INFO Terminal] WRITE LINE:                         |
[2025-04-22 11:31:45Z INFO Terminal] WRITE LINE: |                                                                              |
[2025-04-22 11:31:45Z INFO Terminal] WRITE LINE: --------------------------------------------------------------------------------
[2025-04-22 11:31:45Z INFO ConfigurationManager] ConfigureAsync
[2025-04-22 11:31:45Z INFO CommandSettings] Flag 'generateServiceConfig': 'False'
[2025-04-22 11:31:45Z INFO ConfigurationStore] IsConfigured()
[2025-04-22 11:31:45Z INFO ConfigurationStore] IsConfigured: False
[2025-04-22 11:31:45Z INFO ConfigurationManager] Is configured: False
[2025-04-22 11:31:45Z INFO CommandSettings] Arg 'url': 'https://github.com/issamoaadevo/pet-ci-last'
[2025-04-22 11:31:45Z INFO CommandSettings] Remove url from Arg dictionary.
[2025-04-22 11:31:45Z INFO CommandSettings] Arg 'token': '***'
[2025-04-22 11:31:45Z INFO CommandSettings] Remove token from Arg dictionary.
[2025-04-22 11:31:46Z INFO ConfigurationManager] Http response code: OK from 'POST https://api.github.com/actions/runner-registration' (9871:35ACF9:2604714:272BDE5:68077E21)
[2025-04-22 11:31:46Z INFO ConfigurationManager] Using V2 flow: False
[2025-04-22 11:31:46Z INFO ConfigurationManager] cred retrieved via GitHub auth
[2025-04-22 11:31:46Z INFO RunnerServer] EstablishVssConnection
[2025-04-22 11:31:46Z INFO RunnerServer] Establish connection with 100 seconds timeout.
[2025-04-22 11:31:46Z INFO GitHubActionsService] Starting operation Location.GetConnectionData
[2025-04-22 11:31:46Z INFO RunnerServer] EstablishVssConnection
[2025-04-22 11:31:46Z INFO RunnerServer] Establish connection with 60 seconds timeout.
[2025-04-22 11:31:46Z INFO GitHubActionsService] Starting operation Location.GetConnectionData
[2025-04-22 11:31:46Z INFO RunnerServer] EstablishVssConnection
[2025-04-22 11:31:46Z INFO RunnerServer] Establish connection with 60 seconds timeout.
[2025-04-22 11:31:46Z INFO GitHubActionsService] Starting operation Location.GetConnectionData
[2025-04-22 11:31:47Z INFO GitHubActionsService] Finished operation Location.GetConnectionData
[2025-04-22 11:31:47Z INFO GitHubActionsService] Finished operation Location.GetConnectionData
[2025-04-22 11:31:47Z INFO GitHubActionsService] Finished operation Location.GetConnectionData
[2025-04-22 11:31:47Z INFO Terminal] WRITE LINE: 
[2025-04-22 11:31:47Z INFO ConfigurationManager] Test Connection complete.
[2025-04-22 11:31:47Z INFO HostContext] Well known directory 'Bin': '/home/issam/devoteam/last-test/gitlab-ci-project-2/actions-runner/bin'
[2025-04-22 11:31:47Z INFO HostContext] Well known directory 'Root': '/home/issam/devoteam/last-test/gitlab-ci-project-2/actions-runner'
[2025-04-22 11:31:47Z INFO HostContext] Well known config file 'RSACredentials': '/home/issam/devoteam/last-test/gitlab-ci-project-2/actions-runner/.credentials_rsaparams'
[2025-04-22 11:31:47Z INFO RSAFileKeyManager] Creating new RSA key using 2048-bit key length
[2025-04-22 11:31:47Z INFO RSAFileKeyManager] Successfully saved RSA key parameters to file /home/issam/devoteam/last-test/gitlab-ci-project-2/actions-runner/.credentials_rsaparams
[2025-04-22 11:31:47Z INFO RSAFileKeyManager] Which2: 'chmod'
[2025-04-22 11:31:47Z INFO RSAFileKeyManager] Location: '/usr/bin/chmod'
[2025-04-22 11:31:47Z INFO HostContext] Well known directory 'Bin': '/home/issam/devoteam/last-test/gitlab-ci-project-2/actions-runner/bin'
[2025-04-22 11:31:47Z INFO HostContext] Well known directory 'Root': '/home/issam/devoteam/last-test/gitlab-ci-project-2/actions-runner'
[2025-04-22 11:31:47Z INFO ProcessInvokerWrapper] Starting process:
[2025-04-22 11:31:47Z INFO ProcessInvokerWrapper]   File name: '/usr/bin/chmod'
[2025-04-22 11:31:47Z INFO ProcessInvokerWrapper]   Arguments: '600 /home/issam/devoteam/last-test/gitlab-ci-project-2/actions-runner/.credentials_rsaparams'
[2025-04-22 11:31:47Z INFO ProcessInvokerWrapper]   Working directory: '/home/issam/devoteam/last-test/gitlab-ci-project-2/actions-runner'
[2025-04-22 11:31:47Z INFO ProcessInvokerWrapper]   Require exit code zero: 'False'
[2025-04-22 11:31:47Z INFO ProcessInvokerWrapper]   Encoding web name:  ; code page: ''
[2025-04-22 11:31:47Z INFO ProcessInvokerWrapper]   Force kill process on cancellation: 'False'
[2025-04-22 11:31:47Z INFO ProcessInvokerWrapper]   Redirected STDIN: 'False'
[2025-04-22 11:31:47Z INFO ProcessInvokerWrapper]   Persist current code page: 'False'
[2025-04-22 11:31:47Z INFO ProcessInvokerWrapper]   Keep redirected STDIN open: 'False'
[2025-04-22 11:31:47Z INFO ProcessInvokerWrapper]   High priority process: 'False'
[2025-04-22 11:31:47Z INFO ProcessInvokerWrapper] Process started with process id 105433, waiting for process exit.
[2025-04-22 11:31:47Z INFO ProcessInvokerWrapper] STDOUT/STDERR stream read finished.
[2025-04-22 11:31:47Z INFO ProcessInvokerWrapper] STDOUT/STDERR stream read finished.
[2025-04-22 11:31:47Z INFO ProcessInvokerWrapper] Finished process 105433 with exit code 0, and elapsed time 00:00:00.0063052.
[2025-04-22 11:31:47Z INFO RSAFileKeyManager] Successfully set permissions for RSA key parameters file /home/issam/devoteam/last-test/gitlab-ci-project-2/actions-runner/.credentials_rsaparams
[2025-04-22 11:31:47Z INFO CommandSettings] Arg 'runnergroup': ''
[2025-04-22 11:31:47Z INFO CommandSettings] Flag 'unattended': 'False'
[2025-04-22 11:31:47Z INFO PromptManager] ReadValue
[2025-04-22 11:31:47Z INFO Terminal] WRITE: Enter the name of the runner group to add this runner to: 
[2025-04-22 11:31:47Z INFO Terminal] WRITE: [press Enter for Default] 
[2025-04-22 11:31:47Z INFO Terminal] READ LINE
[2025-04-22 11:31:54Z INFO Terminal] Read value: ''
[2025-04-22 11:31:54Z INFO PromptManager] Falling back to the default: 'Default'
[2025-04-22 11:31:54Z INFO Terminal] WRITE LINE: 
[2025-04-22 11:31:54Z INFO ConfigurationManager] Found a self-hosted runner group with id 1 and name Default
[2025-04-22 11:31:54Z INFO CommandSettings] Flag 'disableupdate': 'False'
[2025-04-22 11:31:54Z INFO CommandSettings] Flag 'ephemeral': 'False'
[2025-04-22 11:31:54Z INFO CommandSettings] Arg 'name': ''
[2025-04-22 11:31:54Z INFO CommandSettings] Flag 'unattended': 'False'
[2025-04-22 11:31:54Z INFO PromptManager] ReadValue
[2025-04-22 11:31:54Z INFO Terminal] WRITE: Enter the name of runner: 
[2025-04-22 11:31:54Z INFO Terminal] WRITE: [press Enter for fedora] 
[2025-04-22 11:31:54Z INFO Terminal] READ LINE
[2025-04-22 11:31:56Z INFO Terminal] Read value: ''
[2025-04-22 11:31:56Z INFO PromptManager] Falling back to the default: 'fedora'
[2025-04-22 11:31:56Z INFO Terminal] WRITE LINE: 
[2025-04-22 11:31:56Z INFO CommandSettings] Arg 'labels': ''
[2025-04-22 11:31:56Z INFO CommandSettings] Flag 'unattended': 'False'
[2025-04-22 11:31:56Z INFO PromptManager] ReadValue
[2025-04-22 11:31:56Z INFO Terminal] WRITE: This runner will have the following labels: 'self-hosted', 'Linux', 'X64' 
Enter any additional labels (ex. label-1,label-2): 
[2025-04-22 11:31:56Z INFO Terminal] WRITE: [press Enter to skip] 
[2025-04-22 11:31:56Z INFO Terminal] READ LINE
[2025-04-22 11:31:59Z INFO Terminal] Read value: ''
[2025-04-22 11:31:59Z INFO Terminal] WRITE LINE: 
[2025-04-22 11:31:59Z INFO CommandSettings] Flag 'disableupdate': 'False'
[2025-04-22 11:31:59Z INFO CommandSettings] Flag 'no-default-labels': 'False'
[2025-04-22 11:31:59Z INFO CommandSettings] Flag 'disableupdate': 'False'
[2025-04-22 11:31:59Z INFO CommandSettings] Flag 'ephemeral': 'False'
[2025-04-22 11:31:59Z INFO ConfigurationStore] Saving OAuth credential @ /home/issam/devoteam/last-test/gitlab-ci-project-2/actions-runner/.credentials
[2025-04-22 11:31:59Z INFO ConfigurationStore] Credentials Saved.
[2025-04-22 11:31:59Z INFO ConfigurationStore] HasCredentials()
[2025-04-22 11:31:59Z INFO ConfigurationStore] stored True
[2025-04-22 11:31:59Z INFO CredentialManager] GetCredentialProvider
[2025-04-22 11:31:59Z INFO CredentialManager] Creating type OAuth
[2025-04-22 11:31:59Z INFO CredentialManager] Creating credential type: OAuth
[2025-04-22 11:31:59Z INFO RSAFileKeyManager] Loading RSA key parameters from file /home/issam/devoteam/last-test/gitlab-ci-project-2/actions-runner/.credentials_rsaparams
[2025-04-22 11:31:59Z INFO RunnerServer] EstablishVssConnection
[2025-04-22 11:31:59Z INFO RunnerServer] Establish connection with 100 seconds timeout.
[2025-04-22 11:31:59Z INFO GitHubActionsService] Starting operation Location.GetConnectionData
[2025-04-22 11:31:59Z INFO RunnerServer] EstablishVssConnection
[2025-04-22 11:31:59Z INFO RunnerServer] Establish connection with 60 seconds timeout.
[2025-04-22 11:31:59Z INFO GitHubActionsService] Starting operation Location.GetConnectionData
[2025-04-22 11:31:59Z INFO RunnerServer] EstablishVssConnection
[2025-04-22 11:31:59Z INFO RunnerServer] Establish connection with 60 seconds timeout.
[2025-04-22 11:31:59Z INFO GitHubActionsService] Starting operation Location.GetConnectionData
[2025-04-22 11:32:00Z INFO GitHubActionsService] Finished operation Location.GetConnectionData
[2025-04-22 11:32:00Z INFO GitHubActionsService] Finished operation Location.GetConnectionData
[2025-04-22 11:32:00Z INFO GitHubActionsService] Finished operation Location.GetConnectionData
[2025-04-22 11:32:00Z INFO RSAFileKeyManager] Loading RSA key parameters from file /home/issam/devoteam/last-test/gitlab-ci-project-2/actions-runner/.credentials_rsaparams
[2025-04-22 11:32:00Z INFO RSAFileKeyManager] Loading RSA key parameters from file /home/issam/devoteam/last-test/gitlab-ci-project-2/actions-runner/.credentials_rsaparams
[2025-04-22 11:32:00Z INFO GitHubActionsService] AAD Correlation ID for this token request: Unknown
[2025-04-22 11:32:00Z INFO CommandSettings] Arg 'work': ''
[2025-04-22 11:32:00Z INFO CommandSettings] Flag 'unattended': 'False'
[2025-04-22 11:32:00Z INFO PromptManager] ReadValue
[2025-04-22 11:32:00Z INFO Terminal] WRITE: Enter name of work folder: 
[2025-04-22 11:32:00Z INFO Terminal] WRITE: [press Enter for _work] 
[2025-04-22 11:32:00Z INFO Terminal] READ LINE
[2025-04-22 11:32:04Z INFO Terminal] Read value: ''
[2025-04-22 11:32:04Z INFO PromptManager] Falling back to the default: '_work'
[2025-04-22 11:32:04Z INFO ConfigurationStore] Saving runner settings.
[2025-04-22 11:32:04Z INFO ConfigurationStore] Settings Saved.
[2025-04-22 11:32:04Z INFO Terminal] WRITE LINE: 
[2025-04-22 11:32:04Z INFO Terminal] WRITE LINE: 
[2025-04-22 11:32:04Z INFO SystemDControlManager] Service name 'actions.runner.issamoaadevo-pet-ci-last.fedora.service' display name 'GitHub Actions Runner (issamoaadevo-pet-ci-last.fedora)' will be used for service configuration.
[2025-04-22 11:32:04Z INFO HostContext] Well known directory 'Bin': '/home/issam/devoteam/last-test/gitlab-ci-project-2/actions-runner/bin'
[2025-04-22 11:32:04Z INFO HostContext] Well known directory 'Root': '/home/issam/devoteam/last-test/gitlab-ci-project-2/actions-runner'
[2025-04-22 11:32:04Z INFO HostContext] Well known directory 'Bin': '/home/issam/devoteam/last-test/gitlab-ci-project-2/actions-runner/bin'
[2025-04-22 11:32:04Z INFO HostContext] Well known directory 'Bin': '/home/issam/devoteam/last-test/gitlab-ci-project-2/actions-runner/bin'
[2025-04-22 11:32:04Z INFO HostContext] Well known directory 'Root': '/home/issam/devoteam/last-test/gitlab-ci-project-2/actions-runner'
[2025-04-22 11:32:04Z INFO UnixUtil] Which2: 'chmod'
[2025-04-22 11:32:04Z INFO UnixUtil] Location: '/usr/bin/chmod'
[2025-04-22 11:32:04Z INFO UnixUtil] Running /usr/bin/chmod 755 "/home/issam/devoteam/last-test/gitlab-ci-project-2/actions-runner/svc.sh"
[2025-04-22 11:32:04Z INFO ProcessInvokerWrapper] Starting process:
[2025-04-22 11:32:04Z INFO ProcessInvokerWrapper]   File name: '/usr/bin/chmod'
[2025-04-22 11:32:04Z INFO ProcessInvokerWrapper]   Arguments: '755 "/home/issam/devoteam/last-test/gitlab-ci-project-2/actions-runner/svc.sh"'
[2025-04-22 11:32:04Z INFO ProcessInvokerWrapper]   Working directory: '/home/issam/devoteam/last-test/gitlab-ci-project-2/actions-runner'
[2025-04-22 11:32:04Z INFO ProcessInvokerWrapper]   Require exit code zero: 'True'
[2025-04-22 11:32:04Z INFO ProcessInvokerWrapper]   Encoding web name:  ; code page: ''
[2025-04-22 11:32:04Z INFO ProcessInvokerWrapper]   Force kill process on cancellation: 'False'
[2025-04-22 11:32:04Z INFO ProcessInvokerWrapper]   Redirected STDIN: 'False'
[2025-04-22 11:32:04Z INFO ProcessInvokerWrapper]   Persist current code page: 'False'
[2025-04-22 11:32:04Z INFO ProcessInvokerWrapper]   Keep redirected STDIN open: 'False'
[2025-04-22 11:32:04Z INFO ProcessInvokerWrapper]   High priority process: 'False'
[2025-04-22 11:32:04Z INFO ProcessInvokerWrapper] Updated oom_score_adj to 500 for PID: 105440.
[2025-04-22 11:32:04Z INFO ProcessInvokerWrapper] Process started with process id 105440, waiting for process exit.
[2025-04-22 11:32:04Z INFO ProcessInvokerWrapper] STDOUT/STDERR stream read finished.
[2025-04-22 11:32:04Z INFO ProcessInvokerWrapper] STDOUT/STDERR stream read finished.
[2025-04-22 11:32:04Z INFO ProcessInvokerWrapper] Finished process 105440 with exit code 0, and elapsed time 00:00:00.0025129.
[2025-04-22 11:32:04Z INFO Listener] Runner execution has finished with return code 0
