[2025-04-22 12:37:40Z INFO HostContext] No proxy settings were found based on environmental variables (http_proxy/https_proxy/HTTP_PROXY/HTTPS_PROXY)
[2025-04-22 12:37:40Z INFO HostContext] Well known directory 'Bin': '/home/issam/devoteam/last-test/gitlab-ci-project-2/actions-runner/bin'
[2025-04-22 12:37:40Z INFO HostContext] Well known directory 'Root': '/home/issam/devoteam/last-test/gitlab-ci-project-2/actions-runner'
[2025-04-22 12:37:40Z INFO HostContext] Well known config file 'Credentials': '/home/issam/devoteam/last-test/gitlab-ci-project-2/actions-runner/.credentials'
[2025-04-22 12:37:40Z INFO HostContext] Well known directory 'Bin': '/home/issam/devoteam/last-test/gitlab-ci-project-2/actions-runner/bin'
[2025-04-22 12:37:40Z INFO HostContext] Well known directory 'Root': '/home/issam/devoteam/last-test/gitlab-ci-project-2/actions-runner'
[2025-04-22 12:37:40Z INFO HostContext] Well known config file 'Runner': '/home/issam/devoteam/last-test/gitlab-ci-project-2/actions-runner/.runner'
[2025-04-22 12:37:40Z INFO Worker] Version: 2.323.0
[2025-04-22 12:37:40Z INFO Worker] Commit: d8b82f44a9ec0258904d5869ae683c31d5aac299
[2025-04-22 12:37:40Z INFO Worker] Culture: en-US
[2025-04-22 12:37:40Z INFO Worker] UI Culture: en-US
[2025-04-22 12:37:40Z INFO Worker] Waiting to receive the job message from the channel.
[2025-04-22 12:37:40Z INFO ProcessChannel] Receiving message of length 18486, with hash '54685c759a5fbb0048c1ad496f4edea7549476347280174f1daee9cbc24f817b'
[2025-04-22 12:37:40Z INFO Worker] Message received.
[2025-04-22 12:37:40Z INFO Worker] Job message:
 {
  "fileTable": [
    ".github/workflows/build.yml"
  ],
  "mask": [
    {
      "type": "regex",
      "value": "***"
    },
    {
      "type": "regex",
      "value": "***"
    },
    {
      "type": "regex",
      "value": "***"
    },
    {
      "type": "regex",
      "value": "***"
    },
    {
      "type": "regex",
      "value": "***"
    },
    {
      "type": "regex",
      "value": "***"
    },
    {
      "type": "regex",
      "value": "***"
    },
    {
      "type": "regex",
      "value": "***"
    },
    {
      "type": "regex",
      "value": "***"
    },
    {
      "type": "regex",
      "value": "***"
    },
    {
      "type": "regex",
      "value": "***"
    },
    {
      "type": "regex",
      "value": "***"
    },
    {
      "type": "regex",
      "value": "***"
    },
    {
      "type": "regex",
      "value": "***"
    },
    {
      "type": "regex",
      "value": "***"
    },
    {
      "type": "regex",
      "value": "***"
    },
    {
      "type": "regex",
      "value": "***"
    },
    {
      "type": "regex",
      "value": "***"
    }
  ],
  "steps": [
    {
      "type": "action",
      "reference": {
        "type": "script"
      },
      "displayNameToken": {
        "type": 0,
        "file": 1,
        "line": 39,
        "col": 15,
        "lit": "Deploy to tomcat"
      },
      "contextName": "__run",
      "inputs": {
        "type": 2,
        "map": [
          {
            "key": "script",
            "value": {
              "type": 0,
              "file": 1,
              "line": 40,
              "col": 14,
              "lit": "mvn deploy9:tomcat\n"
            }
          }
        ]
      },
      "condition": "success()",
      "id": "afba6e69-6766-49e2-b880-3715aac24143",
      "name": "__run"
    }
  ],
  "variables": {
    "Actions.EnableHttpRedirects": {
      "value": "true"
    },
    "DistributedTask.AddWarningToNode12Action": {
      "value": "true"
    },
    "DistributedTask.AddWarningToNode16Action": {
      "value": "true"
    },
    "DistributedTask.AllowRunnerContainerHooks": {
      "value": "true"
    },
    "DistributedTask.DeprecateStepOutputCommands": {
      "value": "true"
    },
    "DistributedTask.DetailUntarFailure": {
      "value": "true"
    },
    "DistributedTask.EnableCompositeActions": {
      "value": "true"
    },
    "DistributedTask.EnableJobServerQueueTelemetry": {
      "value": "true"
    },
    "DistributedTask.EnhancedAnnotations": {
      "value": "true"
    },
    "DistributedTask.ForceGithubJavascriptActionsToNode16": {
      "value": "true"
    },
    "DistributedTask.ForceGithubJavascriptActionsToNode20": {
      "value": "true"
    },
    "DistributedTask.LogTemplateErrorsAsDebugMessages": {
      "value": "true"
    },
    "DistributedTask.MarkJobAsFailedOnWorkerCrash": {
      "value": "true"
    },
    "DistributedTask.NewActionMetadata": {
      "value": "true"
    },
    "DistributedTask.UploadStepSummary": {
      "value": "true"
    },
    "DistributedTask.UseActionArchiveCache": {
      "value": "true"
    },
    "DistributedTask.UseWhich2": {
      "value": "true"
    },
    "RunService.FixEmbeddedIssues": {
      "value": "true"
    },
    "actions_skip_retry_complete_job_upon_known_errors": {
      "value": "true"
    },
    "actions_uses_cache_service_v2": {
      "value": "true"
    },
    "github_token": {
      "value": "***",
      "isSecret": true
    },
    "system.from_run_service": {
      "value": "true"
    },
    "system.github.job": {
      "value": "deploy"
    },
    "system.github.launch_endpoint": {
      "value": "https://launch.actions.githubusercontent.com"
    },
    "system.github.results_endpoint": {
      "value": "https://results-receiver.actions.githubusercontent.com/"
    },
    "system.github.results_upload_with_sdk": {
      "value": "true"
    },
    "system.github.token": {
      "value": "***",
      "isSecret": true
    },
    "system.github.token.permissions": {
      "value": "{\"Contents\":\"read\",\"Metadata\":\"read\",\"Packages\":\"read\"}"
    },
    "system.orchestrationId": {
      "value": "91413884-f61e-462b-86c9-7c1477b560fc.deploy.__default"
    },
    "system.phaseDisplayName": {
      "value": "deploy"
    },
    "system.runner.lowdiskspacethreshold": {
      "value": "100"
    },
    "system.runnerEnvironment": {
      "value": "self-hosted"
    }
  },
  "messageType": "RunnerJobRequest",
  "plan": {
    "scopeIdentifier": "00000000-0000-0000-0000-000000000000",
    "planType": "actions",
    "version": 0,
    "planId": "91413884-f61e-462b-86c9-7c1477b560fc",
    "planGroup": null,
    "artifactUri": null,
    "artifactLocation": null,
    "definition": null,
    "owner": null
  },
  "timeline": {
    "id": "91413884-f61e-462b-86c9-7c1477b560fc",
    "changeId": 0,
    "location": null
  },
  "jobId": "cd6e6e58-5cd6-52b1-b723-218eec7fc5f8",
  "jobDisplayName": "deploy",
  "jobName": "__default",
  "requestId": 0,
  "lockedUntil": "0001-01-01T00:00:00",
  "resources": {
    "endpoints": [
      {
        "data": {
          "ServerId": "",
          "ServerName": "",
          "CacheServerUrl": "https://acghubeus2.actions.githubusercontent.com/LV2zH3UCnu2PzsbUWSNOX6JUFmtKzmITb3rSsF2c8m6e5izJ2z/",
          "FeedStreamUrl": "wss://results-receiver.actions.githubusercontent.com/_ws/ingest.sock",
          "ResultsServiceUrl": "https://results-receiver.actions.githubusercontent.com/",
          "PipelinesServiceUrl": "https://pipelinesghubeus2.actions.githubusercontent.com/LV2zH3UCnu2PzsbUWSNOX6JUFmtKzmITb3rSsF2c8m6e5izJ2z/",
          "GenerateIdTokenUrl": ""
        },
        "name": "SystemVssConnection",
        "url": "https://run-actions-1-azure-eastus.actions.githubusercontent.com/3/",
        "authorization": {
          "parameters": {
            "AccessToken": "***"
          },
          "scheme": "OAuth"
        },
        "isShared": false,
        "isReady": true
      }
    ]
  },
  "contextData": {
    "github": {
      "t": 2,
      "d": [
        {
          "k": "ref",
          "v": "refs/heads/main"
        },
        {
          "k": "sha",
          "v": "5e1416278bc44f29369425569772db03b524776d"
        },
        {
          "k": "repository",
          "v": "issamoaadevo/pet-ci-last"
        },
        {
          "k": "repository_owner",
          "v": "issamoaadevo"
        },
        {
          "k": "repository_owner_id",
          "v": "208156861"
        },
        {
          "k": "repositoryUrl",
          "v": "git://github.com/issamoaadevo/pet-ci-last.git"
        },
        {
          "k": "run_id",
          "v": "14594931140"
        },
        {
          "k": "run_number",
          "v": "2"
        },
        {
          "k": "retention_days",
          "v": "90"
        },
        {
          "k": "run_attempt",
          "v": "1"
        },
        {
          "k": "artifact_cache_size_limit",
          "v": "10"
        },
        {
          "k": "repository_visibility",
          "v": "public"
        },
        {
          "k": "actor_id",
          "v": "208156861"
        },
        {
          "k": "actor",
          "v": "issamoaadevo"
        },
        {
          "k": "workflow",
          "v": "Build and Deploy Petclinic"
        },
        {
          "k": "head_ref",
          "v": ""
        },
        {
          "k": "base_ref",
          "v": ""
        },
        {
          "k": "event_name",
          "v": "push"
        },
        {
          "k": "server_url",
          "v": "https://github.com"
        },
        {
          "k": "api_url",
          "v": "https://api.github.com"
        },
        {
          "k": "graphql_url",
          "v": "https://api.github.com/graphql"
        },
        {
          "k": "ref_name",
          "v": "main"
        },
        {
          "k": "ref_protected",
          "v": false
        },
        {
          "k": "ref_type",
          "v": "branch"
        },
        {
          "k": "secret_source",
          "v": "Actions"
        },
        {
          "k": "event",
          "v": {
            "t": 2,
            "d": [
              {
                "k": "after",
                "v": "5e1416278bc44f29369425569772db03b524776d"
              },
              {
                "k": "base_ref",
                "v": null
              },
              {
                "k": "before",
                "v": "3dfa44c430a8c57ddba308a344c3920705885618"
              },
              {
                "k": "commits",
                "v": {
                  "t": 1,
                  "a": [
                    {
                      "t": 2,
                      "d": [
                        {
                          "k": "author",
                          "v": {
                            "t": 2,
                            "d": [
                              {
                                "k": "email",
                                "v": "issamoaa@gmail.com"
                              },
                              {
                                "k": "name",
                                "v": "issamoaa"
                              },
                              {
                                "k": "username",
                                "v": "Issamoaa"
                              }
                            ]
                          }
                        },
                        {
                          "k": "committer",
                          "v": {
                            "t": 2,
                            "d": [
                              {
                                "k": "email",
                                "v": "issamoaa@gmail.com"
                              },
                              {
                                "k": "name",
                                "v": "issamoaa"
                              },
                              {
                                "k": "username",
                                "v": "Issamoaa"
                              }
                            ]
                          }
                        },
                        {
                          "k": "distinct",
                          "v": true
                        },
                        {
                          "k": "id",
                          "v": "5e1416278bc44f29369425569772db03b524776d"
                        },
                        {
                          "k": "message",
                          "v": " should be alright"
                        },
                        {
                          "k": "timestamp",
                          "v": "2025-04-22T14:36:42+02:00"
                        },
                        {
                          "k": "tree_id",
                          "v": "06d069ef5c5cf7bc3ac038924fbd3f752c1f3ad9"
                        },
                        {
                          "k": "url",
                          "v": "https://github.com/issamoaadevo/pet-ci-last/commit/5e1416278bc44f29369425569772db03b524776d"
                        }
                      ]
                    }
                  ]
                }
              },
              {
                "k": "compare",
                "v": "https://github.com/issamoaadevo/pet-ci-last/compare/3dfa44c430a8...5e1416278bc4"
              },
              {
                "k": "created",
                "v": false
              },
              {
                "k": "deleted",
                "v": false
              },
              {
                "k": "forced",
                "v": false
              },
              {
                "k": "head_commit",
                "v": {
                  "t": 2,
                  "d": [
                    {
                      "k": "author",
                      "v": {
                        "t": 2,
                        "d": [
                          {
                            "k": "email",
                            "v": "issamoaa@gmail.com"
                          },
                          {
                            "k": "name",
                            "v": "issamoaa"
                          },
                          {
                            "k": "username",
                            "v": "Issamoaa"
                          }
                        ]
                      }
                    },
                    {
                      "k": "committer",
                      "v": {
                        "t": 2,
                        "d": [
                          {
                            "k": "email",
                            "v": "issamoaa@gmail.com"
                          },
                          {
                            "k": "name",
                            "v": "issamoaa"
                          },
                          {
                            "k": "username",
                            "v": "Issamoaa"
                          }
                        ]
                      }
                    },
                    {
                      "k": "distinct",
                      "v": true
                    },
                    {
                      "k": "id",
                      "v": "5e1416278bc44f29369425569772db03b524776d"
                    },
                    {
                      "k": "message",
                      "v": " should be alright"
                    },
                    {
                      "k": "timestamp",
                      "v": "2025-04-22T14:36:42+02:00"
                    },
                    {
                      "k": "tree_id",
                      "v": "06d069ef5c5cf7bc3ac038924fbd3f752c1f3ad9"
                    },
                    {
                      "k": "url",
                      "v": "https://github.com/issamoaadevo/pet-ci-last/commit/5e1416278bc44f29369425569772db03b524776d"
                    }
                  ]
                }
              },
              {
                "k": "pusher",
                "v": {
                  "t": 2,
                  "d": [
                    {
                      "k": "email",
                      "v": "mohamed.issam.oulad.ali.abakkouy@devoteam.com"
                    },
                    {
                      "k": "name",
                      "v": "issamoaadevo"
                    }
                  ]
                }
              },
              {
                "k": "ref",
                "v": "refs/heads/main"
              },
              {
                "k": "repository",
                "v": {
                  "t": 2,
                  "d": [
                    {
                      "k": "allow_forking",
                      "v": true
                    },
                    {
                      "k": "archive_url",
                      "v": "https://api.github.com/repos/issamoaadevo/pet-ci-last/{archive_format}{/ref}"
                    },
                    {
                      "k": "archived",
                      "v": false
                    },
                    {
                      "k": "assignees_url",
                      "v": "https://api.github.com/repos/issamoaadevo/pet-ci-last/assignees{/user}"
                    },
                    {
                      "k": "blobs_url",
                      "v": "https://api.github.com/repos/issamoaadevo/pet-ci-last/git/blobs{/sha}"
                    },
                    {
                      "k": "branches_url",
                      "v": "https://api.github.com/repos/issamoaadevo/pet-ci-last/branches{/branch}"
                    },
                    {
                      "k": "clone_url",
                      "v": "https://github.com/issamoaadevo/pet-ci-last.git"
                    },
                    {
                      "k": "collaborators_url",
                      "v": "https://api.github.com/repos/issamoaadevo/pet-ci-last/collaborators{/collaborator}"
                    },
                    {
                      "k": "comments_url",
                      "v": "https://api.github.com/repos/issamoaadevo/pet-ci-last/comments{/number}"
                    },
                    {
                      "k": "commits_url",
                      "v": "https://api.github.com/repos/issamoaadevo/pet-ci-last/commits{/sha}"
                    },
                    {
                      "k": "compare_url",
                      "v": "https://api.github.com/repos/issamoaadevo/pet-ci-last/compare/{base}...{head}"
                    },
                    {
                      "k": "contents_url",
                      "v": "https://api.github.com/repos/issamoaadevo/pet-ci-last/contents/{+path}"
                    },
                    {
                      "k": "contributors_url",
                      "v": "https://api.github.com/repos/issamoaadevo/pet-ci-last/contributors"
                    },
                    {
                      "k": "created_at",
                      "v": 1745314308.0
                    },
                    {
                      "k": "default_branch",
                      "v": "main"
                    },
                    {
                      "k": "deployments_url",
                      "v": "https://api.github.com/repos/issamoaadevo/pet-ci-last/deployments"
                    },
                    {
                      "k": "description",
                      "v": null
                    },
                    {
                      "k": "disabled",
                      "v": false
                    },
                    {
                      "k": "downloads_url",
                      "v": "https://api.github.com/repos/issamoaadevo/pet-ci-last/downloads"
                    },
                    {
                      "k": "events_url",
                      "v": "https://api.github.com/repos/issamoaadevo/pet-ci-last/events"
                    },
                    {
                      "k": "fork",
                      "v": false
                    },
                    {
                      "k": "forks",
                      "v": 0.0
                    },
                    {
                      "k": "forks_count",
                      "v": 0.0
                    },
                    {
                      "k": "forks_url",
                      "v": "https://api.github.com/repos/issamoaadevo/pet-ci-last/forks"
                    },
                    {
                      "k": "full_name",
                      "v": "issamoaadevo/pet-ci-last"
                    },
                    {
                      "k": "git_commits_url",
                      "v": "https://api.github.com/repos/issamoaadevo/pet-ci-last/git/commits{/sha}"
                    },
                    {
                      "k": "git_refs_url",
                      "v": "https://api.github.com/repos/issamoaadevo/pet-ci-last/git/refs{/sha}"
                    },
                    {
                      "k": "git_tags_url",
                      "v": "https://api.github.com/repos/issamoaadevo/pet-ci-last/git/tags{/sha}"
                    },
                    {
                      "k": "git_url",
                      "v": "git://github.com/issamoaadevo/pet-ci-last.git"
                    },
                    {
                      "k": "has_discussions",
                      "v": false
                    },
                    {
                      "k": "has_downloads",
                      "v": true
                    },
                    {
                      "k": "has_issues",
                      "v": true
                    },
                    {
                      "k": "has_pages",
                      "v": false
                    },
                    {
                      "k": "has_projects",
                      "v": true
                    },
                    {
                      "k": "has_wiki",
                      "v": true
                    },
                    {
                      "k": "homepage",
                      "v": null
                    },
                    {
                      "k": "hooks_url",
                      "v": "https://api.github.com/repos/issamoaadevo/pet-ci-last/hooks"
                    },
                    {
                      "k": "html_url",
                      "v": "https://github.com/issamoaadevo/pet-ci-last"
                    },
                    {
                      "k": "id",
                      "v": 970620019.0
                    },
                    {
                      "k": "is_template",
                      "v": false
                    },
                    {
                      "k": "issue_comment_url",
                      "v": "https://api.github.com/repos/issamoaadevo/pet-ci-last/issues/comments{/number}"
                    },
                    {
                      "k": "issue_events_url",
                      "v": "https://api.github.com/repos/issamoaadevo/pet-ci-last/issues/events{/number}"
                    },
                    {
                      "k": "issues_url",
                      "v": "https://api.github.com/repos/issamoaadevo/pet-ci-last/issues{/number}"
                    },
                    {
                      "k": "keys_url",
                      "v": "https://api.github.com/repos/issamoaadevo/pet-ci-last/keys{/key_id}"
                    },
                    {
                      "k": "labels_url",
                      "v": "https://api.github.com/repos/issamoaadevo/pet-ci-last/labels{/name}"
                    },
                    {
                      "k": "language",
                      "v": "Java"
                    },
                    {
                      "k": "languages_url",
                      "v": "https://api.github.com/repos/issamoaadevo/pet-ci-last/languages"
                    },
                    {
                      "k": "license",
                      "v": {
                        "t": 2,
                        "d": [
                          {
                            "k": "key",
                            "v": "apache-2.0"
                          },
                          {
                            "k": "name",
                            "v": "Apache License 2.0"
                          },
                          {
                            "k": "node_id",
                            "v": "MDc6TGljZW5zZTI="
                          },
                          {
                            "k": "spdx_id",
                            "v": "Apache-2.0"
                          },
                          {
                            "k": "url",
                            "v": "https://api.github.com/licenses/apache-2.0"
                          }
                        ]
                      }
                    },
                    {
                      "k": "master_branch",
                      "v": "main"
                    },
                    {
                      "k": "merges_url",
                      "v": "https://api.github.com/repos/issamoaadevo/pet-ci-last/merges"
                    },
                    {
                      "k": "milestones_url",
                      "v": "https://api.github.com/repos/issamoaadevo/pet-ci-last/milestones{/number}"
                    },
                    {
                      "k": "mirror_url",
                      "v": null
                    },
                    {
                      "k": "name",
                      "v": "pet-ci-last"
                    },
                    {
                      "k": "node_id",
                      "v": "R_kgDOOdp8cw"
                    },
                    {
                      "k": "notifications_url",
                      "v": "https://api.github.com/repos/issamoaadevo/pet-ci-last/notifications{?since,all,participating}"
                    },
                    {
                      "k": "open_issues",
                      "v": 0.0
                    },
                    {
                      "k": "open_issues_count",
                      "v": 0.0
                    },
                    {
                      "k": "owner",
                      "v": {
                        "t": 2,
                        "d": [
                          {
                            "k": "avatar_url",
                            "v": "https://avatars.githubusercontent.com/u/208156861?v=4"
                          },
                          {
                            "k": "email",
                            "v": "mohamed.issam.oulad.ali.abakkouy@devoteam.com"
                          },
                          {
                            "k": "events_url",
                            "v": "https://api.github.com/users/issamoaadevo/events{/privacy}"
                          },
                          {
                            "k": "followers_url",
                            "v": "https://api.github.com/users/issamoaadevo/followers"
                          },
                          {
                            "k": "following_url",
                            "v": "https://api.github.com/users/issamoaadevo/following{/other_user}"
                          },
                          {
                            "k": "gists_url",
                            "v": "https://api.github.com/users/issamoaadevo/gists{/gist_id}"
                          },
                          {
                            "k": "gravatar_id",
                            "v": ""
                          },
                          {
                            "k": "html_url",
                            "v": "https://github.com/issamoaadevo"
                          },
                          {
                            "k": "id",
                            "v": 208156861.0
                          },
                          {
                            "k": "login",
                            "v": "issamoaadevo"
                          },
                          {
                            "k": "name",
                            "v": "issamoaadevo"
                          },
                          {
                            "k": "node_id",
                            "v": "U_kgDODGg4vQ"
                          },
                          {
                            "k": "organizations_url",
                            "v": "https://api.github.com/users/issamoaadevo/orgs"
                          },
                          {
                            "k": "received_events_url",
                            "v": "https://api.github.com/users/issamoaadevo/received_events"
                          },
                          {
                            "k": "repos_url",
                            "v": "https://api.github.com/users/issamoaadevo/repos"
                          },
                          {
                            "k": "site_admin",
                            "v": false
                          },
                          {
                            "k": "starred_url",
                            "v": "https://api.github.com/users/issamoaadevo/starred{/owner}{/repo}"
                          },
                          {
                            "k": "subscriptions_url",
                            "v": "https://api.github.com/users/issamoaadevo/subscriptions"
                          },
                          {
                            "k": "type",
                            "v": "User"
                          },
                          {
                            "k": "url",
                            "v": "https://api.github.com/users/issamoaadevo"
                          },
                          {
                            "k": "user_view_type",
                            "v": "public"
                          }
                        ]
                      }
                    },
                    {
                      "k": "private",
                      "v": false
                    },
                    {
                      "k": "pulls_url",
                      "v": "https://api.github.com/repos/issamoaadevo/pet-ci-last/pulls{/number}"
                    },
                    {
                      "k": "pushed_at",
                      "v": 1745325405.0
                    },
                    {
                      "k": "releases_url",
                      "v": "https://api.github.com/repos/issamoaadevo/pet-ci-last/releases{/id}"
                    },
                    {
                      "k": "size",
                      "v": 440.0
                    },
                    {
                      "k": "ssh_url",
                      "v": "git@github.com:issamoaadevo/pet-ci-last.git"
                    },
                    {
                      "k": "stargazers",
                      "v": 0.0
                    },
                    {
                      "k": "stargazers_count",
                      "v": 0.0
                    },
                    {
                      "k": "stargazers_url",
                      "v": "https://api.github.com/repos/issamoaadevo/pet-ci-last/stargazers"
                    },
                    {
                      "k": "statuses_url",
                      "v": "https://api.github.com/repos/issamoaadevo/pet-ci-last/statuses/{sha}"
                    },
                    {
                      "k": "subscribers_url",
                      "v": "https://api.github.com/repos/issamoaadevo/pet-ci-last/subscribers"
                    },
                    {
                      "k": "subscription_url",
                      "v": "https://api.github.com/repos/issamoaadevo/pet-ci-last/subscription"
                    },
                    {
                      "k": "svn_url",
                      "v": "https://github.com/issamoaadevo/pet-ci-last"
                    },
                    {
                      "k": "tags_url",
                      "v": "https://api.github.com/repos/issamoaadevo/pet-ci-last/tags"
                    },
                    {
                      "k": "teams_url",
                      "v": "https://api.github.com/repos/issamoaadevo/pet-ci-last/teams"
                    },
                    {
                      "k": "topics",
                      "v": {
                        "t": 1
                      }
                    },
                    {
                      "k": "trees_url",
                      "v": "https://api.github.com/repos/issamoaadevo/pet-ci-last/git/trees{/sha}"
                    },
                    {
                      "k": "updated_at",
                      "v": "2025-04-22T12:32:22Z"
                    },
                    {
                      "k": "url",
                      "v": "https://api.github.com/repos/issamoaadevo/pet-ci-last"
                    },
                    {
                      "k": "visibility",
                      "v": "public"
                    },
                    {
                      "k": "watchers",
                      "v": 0.0
                    },
                    {
                      "k": "watchers_count",
                      "v": 0.0
                    },
                    {
                      "k": "web_commit_signoff_required",
                      "v": false
                    }
                  ]
                }
              },
              {
                "k": "sender",
                "v": {
                  "t": 2,
                  "d": [
                    {
                      "k": "avatar_url",
                      "v": "https://avatars.githubusercontent.com/u/208156861?v=4"
                    },
                    {
                      "k": "events_url",
                      "v": "https://api.github.com/users/issamoaadevo/events{/privacy}"
                    },
                    {
                      "k": "followers_url",
                      "v": "https://api.github.com/users/issamoaadevo/followers"
                    },
                    {
                      "k": "following_url",
                      "v": "https://api.github.com/users/issamoaadevo/following{/other_user}"
                    },
                    {
                      "k": "gists_url",
                      "v": "https://api.github.com/users/issamoaadevo/gists{/gist_id}"
                    },
                    {
                      "k": "gravatar_id",
                      "v": ""
                    },
                    {
                      "k": "html_url",
                      "v": "https://github.com/issamoaadevo"
                    },
                    {
                      "k": "id",
                      "v": 208156861.0
                    },
                    {
                      "k": "login",
                      "v": "issamoaadevo"
                    },
                    {
                      "k": "node_id",
                      "v": "U_kgDODGg4vQ"
                    },
                    {
                      "k": "organizations_url",
                      "v": "https://api.github.com/users/issamoaadevo/orgs"
                    },
                    {
                      "k": "received_events_url",
                      "v": "https://api.github.com/users/issamoaadevo/received_events"
                    },
                    {
                      "k": "repos_url",
                      "v": "https://api.github.com/users/issamoaadevo/repos"
                    },
                    {
                      "k": "site_admin",
                      "v": false
                    },
                    {
                      "k": "starred_url",
                      "v": "https://api.github.com/users/issamoaadevo/starred{/owner}{/repo}"
                    },
                    {
                      "k": "subscriptions_url",
                      "v": "https://api.github.com/users/issamoaadevo/subscriptions"
                    },
                    {
                      "k": "type",
                      "v": "User"
                    },
                    {
                      "k": "url",
                      "v": "https://api.github.com/users/issamoaadevo"
                    },
                    {
                      "k": "user_view_type",
                      "v": "public"
                    }
                  ]
                }
              }
            ]
          }
        },
        {
          "k": "workflow_ref",
          "v": "issamoaadevo/pet-ci-last/.github/workflows/build.yml@refs/heads/main"
        },
        {
          "k": "workflow_sha",
          "v": "5e1416278bc44f29369425569772db03b524776d"
        },
        {
          "k": "repository_id",
          "v": "970620019"
        },
        {
          "k": "triggering_actor",
          "v": "issamoaadevo"
        }
      ]
    },
    "inputs": {
      "t": 2
    },
    "matrix": null,
    "needs": {
      "t": 2,
      "d": [
        {
          "k": "build",
          "v": {
            "t": 2,
            "d": [
              {
                "k": "result",
                "v": "success"
              },
              {
                "k": "outputs",
                "v": {
                  "t": 2
                }
              }
            ]
          }
        }
      ]
    },
    "strategy": {
      "t": 2,
      "d": [
        {
          "k": "fail-fast",
          "v": true
        },
        {
          "k": "job-index",
          "v": 0.0
        },
        {
          "k": "job-total",
          "v": 1.0
        },
        {
          "k": "max-parallel",
          "v": 1.0
        }
      ]
    },
    "vars": {
      "t": 2
    }
  },
  "billingOwnerId": "U_kgDODGg4vQ"
}
[2025-04-22 12:37:40Z INFO JobRunner] Job ID cd6e6e58-5cd6-52b1-b723-218eec7fc5f8
[2025-04-22 12:37:40Z INFO ConfigurationStore] currentAssemblyLocation: /home/issam/devoteam/last-test/gitlab-ci-project-2/actions-runner/bin/Runner.Worker.dll
[2025-04-22 12:37:40Z INFO HostContext] Well known directory 'Bin': '/home/issam/devoteam/last-test/gitlab-ci-project-2/actions-runner/bin'
[2025-04-22 12:37:40Z INFO ConfigurationStore] binPath: /home/issam/devoteam/last-test/gitlab-ci-project-2/actions-runner/bin
[2025-04-22 12:37:40Z INFO HostContext] Well known directory 'Bin': '/home/issam/devoteam/last-test/gitlab-ci-project-2/actions-runner/bin'
[2025-04-22 12:37:40Z INFO HostContext] Well known directory 'Root': '/home/issam/devoteam/last-test/gitlab-ci-project-2/actions-runner'
[2025-04-22 12:37:40Z INFO ConfigurationStore] RootFolder: /home/issam/devoteam/last-test/gitlab-ci-project-2/actions-runner
[2025-04-22 12:37:40Z INFO HostContext] Well known directory 'Bin': '/home/issam/devoteam/last-test/gitlab-ci-project-2/actions-runner/bin'
[2025-04-22 12:37:40Z INFO HostContext] Well known directory 'Root': '/home/issam/devoteam/last-test/gitlab-ci-project-2/actions-runner'
[2025-04-22 12:37:40Z INFO HostContext] Well known config file 'Runner': '/home/issam/devoteam/last-test/gitlab-ci-project-2/actions-runner/.runner'
[2025-04-22 12:37:40Z INFO ConfigurationStore] ConfigFilePath: /home/issam/devoteam/last-test/gitlab-ci-project-2/actions-runner/.runner
[2025-04-22 12:37:40Z INFO HostContext] Well known directory 'Bin': '/home/issam/devoteam/last-test/gitlab-ci-project-2/actions-runner/bin'
[2025-04-22 12:37:40Z INFO HostContext] Well known directory 'Root': '/home/issam/devoteam/last-test/gitlab-ci-project-2/actions-runner'
[2025-04-22 12:37:40Z INFO HostContext] Well known config file 'MigratedRunner': '/home/issam/devoteam/last-test/gitlab-ci-project-2/actions-runner/.runner_migrated'
[2025-04-22 12:37:40Z INFO ConfigurationStore] MigratedConfigFilePath: /home/issam/devoteam/last-test/gitlab-ci-project-2/actions-runner/.runner_migrated
[2025-04-22 12:37:40Z INFO HostContext] Well known directory 'Bin': '/home/issam/devoteam/last-test/gitlab-ci-project-2/actions-runner/bin'
[2025-04-22 12:37:40Z INFO HostContext] Well known directory 'Root': '/home/issam/devoteam/last-test/gitlab-ci-project-2/actions-runner'
[2025-04-22 12:37:40Z INFO HostContext] Well known config file 'Credentials': '/home/issam/devoteam/last-test/gitlab-ci-project-2/actions-runner/.credentials'
[2025-04-22 12:37:40Z INFO ConfigurationStore] CredFilePath: /home/issam/devoteam/last-test/gitlab-ci-project-2/actions-runner/.credentials
[2025-04-22 12:37:40Z INFO HostContext] Well known directory 'Bin': '/home/issam/devoteam/last-test/gitlab-ci-project-2/actions-runner/bin'
[2025-04-22 12:37:40Z INFO HostContext] Well known directory 'Root': '/home/issam/devoteam/last-test/gitlab-ci-project-2/actions-runner'
[2025-04-22 12:37:40Z INFO HostContext] Well known config file 'MigratedCredentials': '/home/issam/devoteam/last-test/gitlab-ci-project-2/actions-runner/.credentials_migrated'
[2025-04-22 12:37:40Z INFO ConfigurationStore] MigratedCredFilePath: /home/issam/devoteam/last-test/gitlab-ci-project-2/actions-runner/.credentials_migrated
[2025-04-22 12:37:40Z INFO HostContext] Well known directory 'Bin': '/home/issam/devoteam/last-test/gitlab-ci-project-2/actions-runner/bin'
[2025-04-22 12:37:40Z INFO HostContext] Well known directory 'Root': '/home/issam/devoteam/last-test/gitlab-ci-project-2/actions-runner'
[2025-04-22 12:37:40Z INFO HostContext] Well known config file 'Service': '/home/issam/devoteam/last-test/gitlab-ci-project-2/actions-runner/.service'
[2025-04-22 12:37:40Z INFO ConfigurationStore] ServiceConfigFilePath: /home/issam/devoteam/last-test/gitlab-ci-project-2/actions-runner/.service
[2025-04-22 12:37:40Z INFO ConfigurationStore] Read setting file: 296 chars
[2025-04-22 12:37:40Z INFO JobRunner] Initializing launch client
[2025-04-22 12:37:40Z INFO JobServerQueue] Initializing results client
[2025-04-22 12:37:40Z INFO ResultServer] Creating websocket client ...wss://results-receiver.actions.githubusercontent.com/_ws/ingest.sock
[2025-04-22 12:37:40Z INFO ResultServer] Attempting to start websocket client with delay 00:00:00.
[2025-04-22 12:37:40Z INFO JobServerQueue] Start process web console line queue.
[2025-04-22 12:37:40Z INFO JobServerQueue] Start process file upload queue.
[2025-04-22 12:37:40Z INFO JobServerQueue] Start results file upload queue.
[2025-04-22 12:37:40Z INFO JobServerQueue] Starting results-based upload queue...
[2025-04-22 12:37:40Z INFO JobServerQueue] Start process timeline update queue.
[2025-04-22 12:37:40Z INFO ExecutionContext] Initialize GitHub context
[2025-04-22 12:37:40Z INFO ExecutionContext] Initialize Env context
[2025-04-22 12:37:40Z INFO HostContext] Well known directory 'Bin': '/home/issam/devoteam/last-test/gitlab-ci-project-2/actions-runner/bin'
[2025-04-22 12:37:40Z INFO HostContext] Well known directory 'Root': '/home/issam/devoteam/last-test/gitlab-ci-project-2/actions-runner'
[2025-04-22 12:37:40Z INFO HostContext] Well known directory 'Diag': '/home/issam/devoteam/last-test/gitlab-ci-project-2/actions-runner/_diag'
[2025-04-22 12:37:40Z INFO HostContext] Well known directory 'Bin': '/home/issam/devoteam/last-test/gitlab-ci-project-2/actions-runner/bin'
[2025-04-22 12:37:40Z INFO HostContext] Well known directory 'Root': '/home/issam/devoteam/last-test/gitlab-ci-project-2/actions-runner'
[2025-04-22 12:37:40Z INFO HostContext] Well known directory 'Diag': '/home/issam/devoteam/last-test/gitlab-ci-project-2/actions-runner/_diag'
[2025-04-22 12:37:40Z INFO JobRunner] Starting the job execution context.
[2025-04-22 12:37:40Z INFO HostContext] Well known directory 'Bin': '/home/issam/devoteam/last-test/gitlab-ci-project-2/actions-runner/bin'
[2025-04-22 12:37:40Z INFO HostContext] Well known directory 'Root': '/home/issam/devoteam/last-test/gitlab-ci-project-2/actions-runner'
[2025-04-22 12:37:40Z INFO HostContext] Well known directory 'Work': '/home/issam/devoteam/last-test/gitlab-ci-project-2/actions-runner/_work'
[2025-04-22 12:37:40Z INFO JobRunner] Validating directory permissions for: '/home/issam/devoteam/last-test/gitlab-ci-project-2/actions-runner/_work'
[2025-04-22 12:37:40Z INFO HostContext] Well known directory 'Bin': '/home/issam/devoteam/last-test/gitlab-ci-project-2/actions-runner/bin'
[2025-04-22 12:37:40Z INFO HostContext] Well known directory 'Root': '/home/issam/devoteam/last-test/gitlab-ci-project-2/actions-runner'
[2025-04-22 12:37:40Z INFO HostContext] Well known directory 'Work': '/home/issam/devoteam/last-test/gitlab-ci-project-2/actions-runner/_work'
[2025-04-22 12:37:40Z INFO HostContext] Well known directory 'Tools': '/home/issam/devoteam/last-test/gitlab-ci-project-2/actions-runner/_work/_tool'
[2025-04-22 12:37:40Z INFO HostContext] Well known directory 'Bin': '/home/issam/devoteam/last-test/gitlab-ci-project-2/actions-runner/bin'
[2025-04-22 12:37:40Z INFO HostContext] Well known directory 'Root': '/home/issam/devoteam/last-test/gitlab-ci-project-2/actions-runner'
[2025-04-22 12:37:40Z INFO HostContext] Well known directory 'Work': '/home/issam/devoteam/last-test/gitlab-ci-project-2/actions-runner/_work'
[2025-04-22 12:37:40Z INFO HostContext] Well known directory 'Temp': '/home/issam/devoteam/last-test/gitlab-ci-project-2/actions-runner/_work/_temp'
[2025-04-22 12:37:40Z INFO JobRunner] Getting job extension.
[2025-04-22 12:37:40Z INFO JobRunner] Initialize job. Getting all job steps.
[2025-04-22 12:37:40Z INFO HostContext] Well known directory 'Bin': '/home/issam/devoteam/last-test/gitlab-ci-project-2/actions-runner/bin'
[2025-04-22 12:37:40Z INFO HostContext] Well known directory 'Root': '/home/issam/devoteam/last-test/gitlab-ci-project-2/actions-runner'
[2025-04-22 12:37:40Z INFO HostContext] Well known directory 'Diag': '/home/issam/devoteam/last-test/gitlab-ci-project-2/actions-runner/_diag'
[2025-04-22 12:37:40Z INFO HostContext] Well known directory 'Bin': '/home/issam/devoteam/last-test/gitlab-ci-project-2/actions-runner/bin'
[2025-04-22 12:37:40Z INFO HostContext] Well known directory 'Root': '/home/issam/devoteam/last-test/gitlab-ci-project-2/actions-runner'
[2025-04-22 12:37:40Z INFO HostContext] Well known directory 'Diag': '/home/issam/devoteam/last-test/gitlab-ci-project-2/actions-runner/_diag'
[2025-04-22 12:37:40Z INFO HostContext] Well known directory 'Bin': '/home/issam/devoteam/last-test/gitlab-ci-project-2/actions-runner/bin'
[2025-04-22 12:37:40Z INFO HostContext] Well known directory 'Root': '/home/issam/devoteam/last-test/gitlab-ci-project-2/actions-runner'
[2025-04-22 12:37:40Z INFO HostContext] Well known config file 'Credentials': '/home/issam/devoteam/last-test/gitlab-ci-project-2/actions-runner/.credentials'
[2025-04-22 12:37:40Z INFO HostContext] Well known directory 'Bin': '/home/issam/devoteam/last-test/gitlab-ci-project-2/actions-runner/bin'
[2025-04-22 12:37:40Z INFO HostContext] Well known directory 'Root': '/home/issam/devoteam/last-test/gitlab-ci-project-2/actions-runner'
[2025-04-22 12:37:40Z INFO HostContext] Well known config file 'SetupInfo': '/home/issam/devoteam/last-test/gitlab-ci-project-2/actions-runner/.setup_info'
[2025-04-22 12:37:40Z INFO HostContext] Well known directory 'Bin': '/home/issam/devoteam/last-test/gitlab-ci-project-2/actions-runner/bin'
[2025-04-22 12:37:40Z INFO HostContext] Well known directory 'Root': '/home/issam/devoteam/last-test/gitlab-ci-project-2/actions-runner'
[2025-04-22 12:37:40Z INFO HostContext] Well known directory 'Work': '/home/issam/devoteam/last-test/gitlab-ci-project-2/actions-runner/_work'
[2025-04-22 12:37:40Z INFO PipelineDirectoryManager] Loading tracking config if exists: /home/issam/devoteam/last-test/gitlab-ci-project-2/actions-runner/_work/_PipelineMapping/issamoaadevo/pet-ci-last/PipelineFolder.json
[2025-04-22 12:37:40Z INFO PipelineDirectoryManager] Updating job run properties.
[2025-04-22 12:37:40Z INFO HostContext] Well known directory 'Bin': '/home/issam/devoteam/last-test/gitlab-ci-project-2/actions-runner/bin'
[2025-04-22 12:37:40Z INFO HostContext] Well known directory 'Root': '/home/issam/devoteam/last-test/gitlab-ci-project-2/actions-runner'
[2025-04-22 12:37:40Z INFO HostContext] Well known directory 'Work': '/home/issam/devoteam/last-test/gitlab-ci-project-2/actions-runner/_work'
[2025-04-22 12:37:40Z INFO HostContext] Well known directory 'Bin': '/home/issam/devoteam/last-test/gitlab-ci-project-2/actions-runner/bin'
[2025-04-22 12:37:40Z INFO HostContext] Well known directory 'Root': '/home/issam/devoteam/last-test/gitlab-ci-project-2/actions-runner'
[2025-04-22 12:37:40Z INFO HostContext] Well known directory 'Work': '/home/issam/devoteam/last-test/gitlab-ci-project-2/actions-runner/_work'
[2025-04-22 12:37:40Z INFO HostContext] Well known directory 'Bin': '/home/issam/devoteam/last-test/gitlab-ci-project-2/actions-runner/bin'
[2025-04-22 12:37:40Z INFO HostContext] Well known directory 'Root': '/home/issam/devoteam/last-test/gitlab-ci-project-2/actions-runner'
[2025-04-22 12:37:40Z INFO HostContext] Well known directory 'Work': '/home/issam/devoteam/last-test/gitlab-ci-project-2/actions-runner/_work'
[2025-04-22 12:37:40Z INFO JobExtension] Downloading actions
[2025-04-22 12:37:40Z INFO HostContext] Well known directory 'Bin': '/home/issam/devoteam/last-test/gitlab-ci-project-2/actions-runner/bin'
[2025-04-22 12:37:40Z INFO HostContext] Well known directory 'Root': '/home/issam/devoteam/last-test/gitlab-ci-project-2/actions-runner'
[2025-04-22 12:37:40Z INFO HostContext] Well known directory 'Work': '/home/issam/devoteam/last-test/gitlab-ci-project-2/actions-runner/_work'
[2025-04-22 12:37:40Z INFO HostContext] Well known directory 'Actions': '/home/issam/devoteam/last-test/gitlab-ci-project-2/actions-runner/_work/_actions'
[2025-04-22 12:37:40Z INFO JobExtension] Adding .
[2025-04-22 12:37:40Z INFO HostContext] Well known directory 'Bin': '/home/issam/devoteam/last-test/gitlab-ci-project-2/actions-runner/bin'
[2025-04-22 12:37:40Z INFO HostContext] Well known directory 'Root': '/home/issam/devoteam/last-test/gitlab-ci-project-2/actions-runner'
[2025-04-22 12:37:40Z INFO HostContext] Well known directory 'Diag': '/home/issam/devoteam/last-test/gitlab-ci-project-2/actions-runner/_diag'
[2025-04-22 12:37:40Z INFO HostContext] Well known directory 'Bin': '/home/issam/devoteam/last-test/gitlab-ci-project-2/actions-runner/bin'
[2025-04-22 12:37:40Z INFO HostContext] Well known directory 'Root': '/home/issam/devoteam/last-test/gitlab-ci-project-2/actions-runner'
[2025-04-22 12:37:40Z INFO HostContext] Well known directory 'Diag': '/home/issam/devoteam/last-test/gitlab-ci-project-2/actions-runner/_diag'
[2025-04-22 12:37:40Z INFO JobExtension] Total accessible running process: 438.
[2025-04-22 12:37:40Z INFO HostContext] Well known directory 'Bin': '/home/issam/devoteam/last-test/gitlab-ci-project-2/actions-runner/bin'
[2025-04-22 12:37:40Z INFO HostContext] Well known directory 'Root': '/home/issam/devoteam/last-test/gitlab-ci-project-2/actions-runner'
[2025-04-22 12:37:40Z INFO HostContext] Well known directory 'Work': '/home/issam/devoteam/last-test/gitlab-ci-project-2/actions-runner/_work'
[2025-04-22 12:37:40Z INFO JobExtension] Start checking service connectivity in background.
[2025-04-22 12:37:40Z INFO ExecutionContext] Publish step telemetry for current step {
  "action": "setup_job",
  "type": "runner",
  "stage": "Pre",
  "stepId": "6c73f4a3-a62c-4a66-bf8b-24e11bb32cf5",
  "result": "succeeded",
  "errorMessages": [],
  "executionTimeInSeconds": 1,
  "startTime": "2025-04-22T12:37:40.6952074Z",
  "finishTime": "2025-04-22T12:37:40.8771742Z"
}.
[2025-04-22 12:37:40Z INFO JobRunner] Total job steps: 1.
[2025-04-22 12:37:40Z INFO JobRunner] Run all job steps.
[2025-04-22 12:37:40Z INFO StepsRunner] Processing step: DisplayName='Deploy to tomcat'
[2025-04-22 12:37:40Z INFO StepsRunner] Evaluating: success()
[2025-04-22 12:37:40Z INFO StepsRunner] Result: true
[2025-04-22 12:37:40Z INFO StepsRunner] Starting the step.
[2025-04-22 12:37:40Z INFO HostContext] Well known directory 'Bin': '/home/issam/devoteam/last-test/gitlab-ci-project-2/actions-runner/bin'
[2025-04-22 12:37:40Z INFO HostContext] Well known directory 'Root': '/home/issam/devoteam/last-test/gitlab-ci-project-2/actions-runner'
[2025-04-22 12:37:40Z INFO HostContext] Well known directory 'Work': '/home/issam/devoteam/last-test/gitlab-ci-project-2/actions-runner/_work'
[2025-04-22 12:37:40Z INFO HostContext] Well known directory 'Temp': '/home/issam/devoteam/last-test/gitlab-ci-project-2/actions-runner/_work/_temp'
[2025-04-22 12:37:40Z INFO ExecutionContext] Write event payload to /home/issam/devoteam/last-test/gitlab-ci-project-2/actions-runner/_work/_temp/_github_workflow/event.json
[2025-04-22 12:37:40Z INFO HostContext] Well known directory 'Bin': '/home/issam/devoteam/last-test/gitlab-ci-project-2/actions-runner/bin'
[2025-04-22 12:37:40Z INFO HostContext] Well known directory 'Root': '/home/issam/devoteam/last-test/gitlab-ci-project-2/actions-runner'
[2025-04-22 12:37:40Z INFO HostContext] Well known directory 'Work': '/home/issam/devoteam/last-test/gitlab-ci-project-2/actions-runner/_work'
[2025-04-22 12:37:40Z INFO HostContext] Well known directory 'Temp': '/home/issam/devoteam/last-test/gitlab-ci-project-2/actions-runner/_work/_temp'
[2025-04-22 12:37:40Z INFO ExtensionManager] Getting extensions for interface: 'GitHub.Runner.Worker.IFileCommandExtension'
[2025-04-22 12:37:40Z INFO ExtensionManager] Creating instance: GitHub.Runner.Worker.AddPathFileCommand, Runner.Worker
[2025-04-22 12:37:40Z INFO ExtensionManager] Creating instance: GitHub.Runner.Worker.SetEnvFileCommand, Runner.Worker
[2025-04-22 12:37:40Z INFO ExtensionManager] Creating instance: GitHub.Runner.Worker.CreateStepSummaryCommand, Runner.Worker
[2025-04-22 12:37:40Z INFO ExtensionManager] Creating instance: GitHub.Runner.Worker.SaveStateFileCommand, Runner.Worker
[2025-04-22 12:37:40Z INFO ExtensionManager] Creating instance: GitHub.Runner.Worker.SetOutputFileCommand, Runner.Worker
[2025-04-22 12:37:40Z INFO ExtensionManager] Getting extensions for interface: 'GitHub.Runner.Worker.IActionCommandExtension'
[2025-04-22 12:37:40Z INFO ExtensionManager] Creating instance: GitHub.Runner.Worker.InternalPluginSetRepoPathCommandExtension, Runner.Worker
[2025-04-22 12:37:40Z INFO ExtensionManager] Creating instance: GitHub.Runner.Worker.SetEnvCommandExtension, Runner.Worker
[2025-04-22 12:37:40Z INFO ExtensionManager] Creating instance: GitHub.Runner.Worker.SetOutputCommandExtension, Runner.Worker
[2025-04-22 12:37:40Z INFO ExtensionManager] Creating instance: GitHub.Runner.Worker.SaveStateCommandExtension, Runner.Worker
[2025-04-22 12:37:40Z INFO ExtensionManager] Creating instance: GitHub.Runner.Worker.AddPathCommandExtension, Runner.Worker
[2025-04-22 12:37:40Z INFO ExtensionManager] Creating instance: GitHub.Runner.Worker.AddMaskCommandExtension, Runner.Worker
[2025-04-22 12:37:40Z INFO ExtensionManager] Creating instance: GitHub.Runner.Worker.AddMatcherCommandExtension, Runner.Worker
[2025-04-22 12:37:40Z INFO ExtensionManager] Creating instance: GitHub.Runner.Worker.RemoveMatcherCommandExtension, Runner.Worker
[2025-04-22 12:37:40Z INFO ExtensionManager] Creating instance: GitHub.Runner.Worker.WarningCommandExtension, Runner.Worker
[2025-04-22 12:37:40Z INFO ExtensionManager] Creating instance: GitHub.Runner.Worker.ErrorCommandExtension, Runner.Worker
[2025-04-22 12:37:40Z INFO ExtensionManager] Creating instance: GitHub.Runner.Worker.NoticeCommandExtension, Runner.Worker
[2025-04-22 12:37:40Z INFO ExtensionManager] Creating instance: GitHub.Runner.Worker.DebugCommandExtension, Runner.Worker
[2025-04-22 12:37:40Z INFO ExtensionManager] Creating instance: GitHub.Runner.Worker.GroupCommandExtension, Runner.Worker
[2025-04-22 12:37:40Z INFO ExtensionManager] Creating instance: GitHub.Runner.Worker.EndGroupCommandExtension, Runner.Worker
[2025-04-22 12:37:40Z INFO ExtensionManager] Creating instance: GitHub.Runner.Worker.EchoCommandExtension, Runner.Worker
[2025-04-22 12:37:40Z INFO ActionCommandManager] Register action command extension for command internal-set-repo-path
[2025-04-22 12:37:40Z INFO ActionCommandManager] Register action command extension for command set-env
[2025-04-22 12:37:40Z INFO ActionCommandManager] Register action command extension for command set-output
[2025-04-22 12:37:40Z INFO ActionCommandManager] Register action command extension for command save-state
[2025-04-22 12:37:40Z INFO ActionCommandManager] Register action command extension for command add-path
[2025-04-22 12:37:40Z INFO ActionCommandManager] Register action command extension for command add-mask
[2025-04-22 12:37:40Z INFO ActionCommandManager] Register action command extension for command add-matcher
[2025-04-22 12:37:40Z INFO ActionCommandManager] Register action command extension for command remove-matcher
[2025-04-22 12:37:40Z INFO ActionCommandManager] Register action command extension for command warning
[2025-04-22 12:37:40Z INFO ActionCommandManager] Register action command extension for command error
[2025-04-22 12:37:40Z INFO ActionCommandManager] Register action command extension for command notice
[2025-04-22 12:37:40Z INFO ActionCommandManager] Register action command extension for command debug
[2025-04-22 12:37:40Z INFO ActionCommandManager] Register action command extension for command group
[2025-04-22 12:37:40Z INFO ActionCommandManager] Register action command extension for command endgroup
[2025-04-22 12:37:40Z INFO ActionCommandManager] Register action command extension for command echo
[2025-04-22 12:37:40Z INFO ScriptHandler] Which2: 'bash'
[2025-04-22 12:37:40Z INFO ScriptHandler] Location: '/usr/bin/bash'
[2025-04-22 12:37:40Z INFO HostContext] Well known directory 'Bin': '/home/issam/devoteam/last-test/gitlab-ci-project-2/actions-runner/bin'
[2025-04-22 12:37:40Z INFO HostContext] Well known directory 'Root': '/home/issam/devoteam/last-test/gitlab-ci-project-2/actions-runner'
[2025-04-22 12:37:40Z INFO HostContext] Well known directory 'Work': '/home/issam/devoteam/last-test/gitlab-ci-project-2/actions-runner/_work'
[2025-04-22 12:37:40Z INFO HostContext] Well known directory 'Temp': '/home/issam/devoteam/last-test/gitlab-ci-project-2/actions-runner/_work/_temp'
[2025-04-22 12:37:40Z INFO ScriptHandler] Which2: 'bash'
[2025-04-22 12:37:40Z INFO ScriptHandler] Location: '/usr/bin/bash'
[2025-04-22 12:37:40Z INFO ProcessInvokerWrapper] Starting process:
[2025-04-22 12:37:40Z INFO ProcessInvokerWrapper]   File name: '/usr/bin/bash'
[2025-04-22 12:37:40Z INFO ProcessInvokerWrapper]   Arguments: '-e /home/issam/devoteam/last-test/gitlab-ci-project-2/actions-runner/_work/_temp/4eeb9306-5d23-4da1-800e-98c0fe27ed58.sh'
[2025-04-22 12:37:40Z INFO ProcessInvokerWrapper]   Working directory: '/home/issam/devoteam/last-test/gitlab-ci-project-2/actions-runner/_work/pet-ci-last/pet-ci-last'
[2025-04-22 12:37:40Z INFO ProcessInvokerWrapper]   Require exit code zero: 'False'
[2025-04-22 12:37:40Z INFO ProcessInvokerWrapper]   Encoding web name:  ; code page: ''
[2025-04-22 12:37:40Z INFO ProcessInvokerWrapper]   Force kill process on cancellation: 'False'
[2025-04-22 12:37:40Z INFO ProcessInvokerWrapper]   Redirected STDIN: 'False'
[2025-04-22 12:37:40Z INFO ProcessInvokerWrapper]   Persist current code page: 'False'
[2025-04-22 12:37:40Z INFO ProcessInvokerWrapper]   Keep redirected STDIN open: 'False'
[2025-04-22 12:37:40Z INFO ProcessInvokerWrapper]   High priority process: 'False'
[2025-04-22 12:37:40Z INFO ProcessInvokerWrapper] Updated oom_score_adj to 500 for PID: 112115.
[2025-04-22 12:37:40Z INFO ProcessInvokerWrapper] Process started with process id 112115, waiting for process exit.
[2025-04-22 12:37:40Z INFO Worker] Listening for cancel message from the channel.
[2025-04-22 12:37:40Z INFO Worker] Waiting for the job to complete or for a cancel message from the channel.
[2025-04-22 12:37:41Z INFO ResultServer] Successfully started websocket client.
[2025-04-22 12:37:41Z INFO JobServerQueue] Try to append 1 batches web console lines for record '6c73f4a3-a62c-4a66-bf8b-24e11bb32cf5', success rate: 1/1.
[2025-04-22 12:37:41Z INFO JobServerQueue] Try to append 1 batches web console lines for record 'afba6e69-6766-49e2-b880-3715aac24143', success rate: 1/1.
[2025-04-22 12:37:41Z INFO JobServerQueue] Job timeline record has been updated for the first time.
[2025-04-22 12:37:41Z INFO JobServerQueue] Got a step log file to send to results service.
[2025-04-22 12:37:41Z INFO JobServerQueue] Try to upload 1 log files or attachments, success rate: 1/1.
[2025-04-22 12:37:41Z INFO JobServerQueue] Starting upload of step log file to results service ResultsLog, /home/issam/devoteam/last-test/gitlab-ci-project-2/actions-runner/_diag/blocks/91413884-f61e-462b-86c9-7c1477b560fc_6c73f4a3-a62c-4a66-bf8b-24e11bb32cf5.1
[2025-04-22 12:37:42Z INFO JobServerQueue] Tried to upload 1 file(s) to results, success rate: 1/1.
[2025-04-22 12:37:42Z INFO JobServerQueue] Try to append 1 batches web console lines for record 'afba6e69-6766-49e2-b880-3715aac24143', success rate: 1/1.
[2025-04-22 12:37:43Z INFO JobServerQueue] Try to append 1 batches web console lines for record 'afba6e69-6766-49e2-b880-3715aac24143', success rate: 1/1.
[2025-04-22 12:37:44Z INFO JobServerQueue] Try to append 1 batches web console lines for record 'afba6e69-6766-49e2-b880-3715aac24143', success rate: 1/1.
[2025-04-22 12:37:44Z INFO ProcessInvokerWrapper] STDOUT/STDERR stream read finished.
[2025-04-22 12:37:44Z INFO ProcessInvokerWrapper] STDOUT/STDERR stream read finished.
[2025-04-22 12:37:44Z INFO ProcessInvokerWrapper] Finished process 112115 with exit code 1, and elapsed time 00:00:03.1047296.
[2025-04-22 12:37:44Z INFO CreateStepSummaryCommand] Step Summary file (/home/issam/devoteam/last-test/gitlab-ci-project-2/actions-runner/_work/_temp/_runner_file_commands/step_summary_7bc9dbca-abfc-489d-81c1-23414cb0e39c) is empty; skipping attachment upload
[2025-04-22 12:37:44Z INFO StepsRunner] Step result: Failed
[2025-04-22 12:37:44Z INFO ExecutionContext] Publish step telemetry for current step {
  "action": "sh",
  "type": "run",
  "stage": "Main",
  "stepId": "afba6e69-6766-49e2-b880-3715aac24143",
  "stepContextName": "__run",
  "result": "failed",
  "errorMessages": [
    "Process completed with exit code 1."
  ],
  "executionTimeInSeconds": 4,
  "startTime": "2025-04-22T12:37:40.8928551Z",
  "finishTime": "2025-04-22T12:37:44.0879276Z"
}.
[2025-04-22 12:37:44Z INFO StepsRunner] Update job result with current step result 'Failed'.
[2025-04-22 12:37:44Z INFO StepsRunner] Current state: job state = 'Failed'
[2025-04-22 12:37:44Z INFO JobRunner] Finalize job.
[2025-04-22 12:37:44Z INFO HostContext] Well known directory 'Bin': '/home/issam/devoteam/last-test/gitlab-ci-project-2/actions-runner/bin'
[2025-04-22 12:37:44Z INFO HostContext] Well known directory 'Root': '/home/issam/devoteam/last-test/gitlab-ci-project-2/actions-runner'
[2025-04-22 12:37:44Z INFO HostContext] Well known directory 'Diag': '/home/issam/devoteam/last-test/gitlab-ci-project-2/actions-runner/_diag'
[2025-04-22 12:37:44Z INFO HostContext] Well known directory 'Bin': '/home/issam/devoteam/last-test/gitlab-ci-project-2/actions-runner/bin'
[2025-04-22 12:37:44Z INFO HostContext] Well known directory 'Root': '/home/issam/devoteam/last-test/gitlab-ci-project-2/actions-runner'
[2025-04-22 12:37:44Z INFO HostContext] Well known directory 'Diag': '/home/issam/devoteam/last-test/gitlab-ci-project-2/actions-runner/_diag'
[2025-04-22 12:37:44Z INFO JobExtension] Initialize Env context
[2025-04-22 12:37:44Z INFO JobExtension] Initialize steps context
[2025-04-22 12:37:44Z INFO JobExtension] Total accessible running process: 439.
[2025-04-22 12:37:44Z INFO JobExtension] Inspecting process environment variables. PID: 171 (kworker/2:1H-events_highpri)
[2025-04-22 12:37:44Z INFO LinuxProcessExtensions] Read env from /proc/171/environ
[2025-04-22 12:37:44Z WARN JobExtension] Ignore exception during read process environment variables: Access to the path '/proc/171/environ' is denied.
[2025-04-22 12:37:44Z INFO JobExtension] Inspecting process environment variables. PID: 93798 (kworker/0:2-events)
[2025-04-22 12:37:44Z INFO LinuxProcessExtensions] Read env from /proc/93798/environ
[2025-04-22 12:37:44Z WARN JobExtension] Ignore exception during read process environment variables: Access to the path '/proc/93798/environ' is denied.
[2025-04-22 12:37:44Z INFO JobExtension] Inspecting process environment variables. PID: 105883 (kworker/u57:4-events_unbound)
[2025-04-22 12:37:44Z INFO LinuxProcessExtensions] Read env from /proc/105883/environ
[2025-04-22 12:37:44Z WARN JobExtension] Ignore exception during read process environment variables: Access to the path '/proc/105883/environ' is denied.
[2025-04-22 12:37:44Z INFO JobExtension] Inspecting process environment variables. PID: 107588 (kworker/1:1-events)
[2025-04-22 12:37:44Z INFO LinuxProcessExtensions] Read env from /proc/107588/environ
[2025-04-22 12:37:44Z WARN JobExtension] Ignore exception during read process environment variables: Access to the path '/proc/107588/environ' is denied.
[2025-04-22 12:37:44Z INFO JobExtension] Inspecting process environment variables. PID: 108932 (kworker/9:1-events)
[2025-04-22 12:37:44Z INFO LinuxProcessExtensions] Read env from /proc/108932/environ
[2025-04-22 12:37:44Z WARN JobExtension] Ignore exception during read process environment variables: Access to the path '/proc/108932/environ' is denied.
[2025-04-22 12:37:44Z INFO JobExtension] Inspecting process environment variables. PID: 110575 (kworker/2:1-events_power_efficient)
[2025-04-22 12:37:44Z INFO LinuxProcessExtensions] Read env from /proc/110575/environ
[2025-04-22 12:37:44Z WARN JobExtension] Ignore exception during read process environment variables: Access to the path '/proc/110575/environ' is denied.
[2025-04-22 12:37:44Z INFO JobExtension] Inspecting process environment variables. PID: 110712 (kworker/u57:5-btrfs-compressed-write)
[2025-04-22 12:37:44Z INFO LinuxProcessExtensions] Read env from /proc/110712/environ
[2025-04-22 12:37:44Z WARN JobExtension] Ignore exception during read process environment variables: Access to the path '/proc/110712/environ' is denied.
[2025-04-22 12:37:44Z INFO JobExtension] Inspecting process environment variables. PID: 111218 (kworker/11:2-events)
[2025-04-22 12:37:44Z INFO LinuxProcessExtensions] Read env from /proc/111218/environ
[2025-04-22 12:37:44Z WARN JobExtension] Ignore exception during read process environment variables: Access to the path '/proc/111218/environ' is denied.
[2025-04-22 12:37:44Z INFO JobExtension] Inspecting process environment variables. PID: 111703 (kworker/u57:1-flush-btrfs-1)
[2025-04-22 12:37:44Z INFO LinuxProcessExtensions] Read env from /proc/111703/environ
[2025-04-22 12:37:44Z WARN JobExtension] Ignore exception during read process environment variables: Access to the path '/proc/111703/environ' is denied.
[2025-04-22 12:37:44Z INFO JobExtension] Inspecting process environment variables. PID: 111707 (kworker/u57:13-kvfree_rcu_reclaim)
[2025-04-22 12:37:44Z INFO LinuxProcessExtensions] Read env from /proc/111707/environ
[2025-04-22 12:37:44Z WARN JobExtension] Ignore exception during read process environment variables: Access to the path '/proc/111707/environ' is denied.
[2025-04-22 12:37:44Z INFO JobExtension] Inspecting process environment variables. PID: 112049 (kworker/13:0-events)
[2025-04-22 12:37:44Z INFO LinuxProcessExtensions] Read env from /proc/112049/environ
[2025-04-22 12:37:44Z WARN JobExtension] Ignore exception during read process environment variables: Access to the path '/proc/112049/environ' is denied.
[2025-04-22 12:37:44Z INFO JobExtension] Inspecting process environment variables. PID: 112161 (kworker/13:1-events)
[2025-04-22 12:37:44Z INFO LinuxProcessExtensions] Read env from /proc/112161/environ
[2025-04-22 12:37:44Z WARN JobExtension] Ignore exception during read process environment variables: Access to the path '/proc/112161/environ' is denied.
[2025-04-22 12:37:44Z INFO ExecutionContext] Publish step telemetry for current step {
  "action": "complete_job",
  "type": "runner",
  "stage": "Post",
  "stepId": "c84f159e-c6f4-4100-88e0-c1c46589c4cd",
  "result": "succeeded",
  "errorMessages": [],
  "executionTimeInSeconds": 1,
  "startTime": "2025-04-22T12:37:44.0962895Z",
  "finishTime": "2025-04-22T12:37:44.2095457Z"
}.
[2025-04-22 12:37:44Z INFO JobRunner] Job result after all job steps finish: Failed
[2025-04-22 12:37:44Z INFO JobRunner] Completing the job execution context.
[2025-04-22 12:37:44Z INFO JobRunner] Shutting down the job server queue.
[2025-04-22 12:37:44Z INFO JobServerQueue] Fire signal to shutdown all queues.
[2025-04-22 12:37:44Z INFO JobServerQueue] All queue process task stopped.
[2025-04-22 12:37:44Z INFO JobServerQueue] Try to append 1 batches web console lines for record 'afba6e69-6766-49e2-b880-3715aac24143', success rate: 1/1.
[2025-04-22 12:37:44Z INFO JobServerQueue] Try to append 1 batches web console lines for record 'c84f159e-c6f4-4100-88e0-c1c46589c4cd', success rate: 1/1.
[2025-04-22 12:37:44Z INFO JobServerQueue] Web console line queue drained.
[2025-04-22 12:37:44Z INFO JobServerQueue] Uploading 3 files in one shot.
[2025-04-22 12:37:44Z INFO JobServerQueue] Try to upload 3 log files or attachments, success rate: 3/3.
[2025-04-22 12:37:44Z INFO JobServerQueue] File upload queue drained.
[2025-04-22 12:37:44Z INFO JobServerQueue] Starting results-based upload queue...
[2025-04-22 12:37:44Z INFO JobServerQueue] Uploading 3 file(s) in one shot through results service.
[2025-04-22 12:37:44Z INFO JobServerQueue] Got a step log file to send to results service.
[2025-04-22 12:37:44Z INFO JobServerQueue] Starting upload of step log file to results service ResultsLog, /home/issam/devoteam/last-test/gitlab-ci-project-2/actions-runner/_diag/blocks/91413884-f61e-462b-86c9-7c1477b560fc_afba6e69-6766-49e2-b880-3715aac24143.1
[2025-04-22 12:37:45Z INFO JobServerQueue] Got a step log file to send to results service.
[2025-04-22 12:37:45Z INFO JobServerQueue] Starting upload of step log file to results service ResultsLog, /home/issam/devoteam/last-test/gitlab-ci-project-2/actions-runner/_diag/blocks/91413884-f61e-462b-86c9-7c1477b560fc_c84f159e-c6f4-4100-88e0-c1c46589c4cd.1
[2025-04-22 12:37:45Z INFO JobServerQueue] Got a job log file to send to results service.
[2025-04-22 12:37:45Z INFO JobServerQueue] Starting upload of job log file to results service ResultsLog, /home/issam/devoteam/last-test/gitlab-ci-project-2/actions-runner/_diag/blocks/91413884-f61e-462b-86c9-7c1477b560fc_cd6e6e58-5cd6-52b1-b723-218eec7fc5f8.1
[2025-04-22 12:37:45Z INFO JobServerQueue] Tried to upload 3 file(s) to results, success rate: 3/3.
[2025-04-22 12:37:45Z INFO JobServerQueue] Results upload queue drained.
[2025-04-22 12:37:45Z INFO JobServerQueue] Timeline update queue drained.
[2025-04-22 12:37:45Z INFO JobServerQueue] Disposing job server ...
[2025-04-22 12:37:45Z INFO JobServerQueue] Disposing results server ...
[2025-04-22 12:37:45Z INFO JobServerQueue] All queue process tasks have been stopped, and all queues are drained.
[2025-04-22 12:37:45Z INFO TempDirectoryManager] Cleaning runner temp folder: /home/issam/devoteam/last-test/gitlab-ci-project-2/actions-runner/_work/_temp
[2025-04-22 12:37:45Z INFO HostContext] Well known directory 'Bin': '/home/issam/devoteam/last-test/gitlab-ci-project-2/actions-runner/bin'
[2025-04-22 12:37:45Z INFO HostContext] Well known directory 'Root': '/home/issam/devoteam/last-test/gitlab-ci-project-2/actions-runner'
[2025-04-22 12:37:45Z INFO HostContext] Well known directory 'Diag': '/home/issam/devoteam/last-test/gitlab-ci-project-2/actions-runner/_diag'
[2025-04-22 12:37:45Z INFO HostContext] Well known config file 'Telemetry': '/home/issam/devoteam/last-test/gitlab-ci-project-2/actions-runner/_diag/.telemetry'
[2025-04-22 12:37:45Z INFO JobRunner] Raising job completed against run service
[2025-04-22 12:37:46Z INFO Worker] Job completed.
